2024-07-03T14:20:07 | touched: LICENSE
2024-04-22T03:47:55 | touched: Cargo.toml
2025-10-15T18:14:48 | touched: src/main.rs
2026-01-03T10:11:41 | touched: src/lib.rs
2024-04-16T15:38:49 | touched: LICENSE
2024-05-20T17:28:01 | touched: LICENSE
2026-01-02T09:08:14 | touched: src/lib.rs
2026-01-10T04:47:52 | touched: src/main.rs
2024-03-03T19:23:53 | touched: src/main.rs
2025-11-05T22:40:17 | touched: LICENSE
2024-02-25T02:19:02 | touched: Cargo.toml
2026-01-13T23:47:34 | touched: src/main.rs
2025-06-12T03:40:33 | touched: README.md
2024-06-17T09:46:51 | touched: Cargo.toml
2026-01-26T02:27:23 | touched: Cargo.toml
2024-08-13T01:02:38 | touched: README.md
2024-04-08T13:50:38 | touched: Cargo.toml
2026-01-09T22:40:03 | touched: README.md
2024-11-15T16:58:57 | touched: src/main.rs
2026-01-03T17:15:19 | touched: Cargo.toml
2024-08-26T07:56:29 | touched: src/lib.rs
2025-05-03T09:39:07 | touched: LICENSE
2026-01-06T13:02:00 | touched: src/lib.rs
2024-11-06T16:28:57 | touched: README.md
2024-12-19T12:57:53 | touched: src/lib.rs
2024-02-23T17:08:26 | touched: src/main.rs
2025-07-29T14:47:50 | touched: src/main.rs
2025-12-04T22:51:33 | touched: src/lib.rs
2025-06-21T23:59:42 | touched: LICENSE
2025-08-23T14:49:42 | touched: README.md
2025-10-16T11:16:01 | touched: README.md
2025-07-03T13:45:30 | touched: Cargo.toml
2025-05-19T09:45:30 | touched: LICENSE
2025-12-18T00:40:36 | touched: Cargo.toml
2025-05-26T12:22:30 | touched: LICENSE
2025-05-01T20:43:13 | touched: src/lib.rs
2025-02-12T17:05:45 | touched: LICENSE
2025-09-08T06:22:58 | touched: src/main.rs
2025-07-12T23:47:05 | touched: Cargo.toml
2025-04-26T09:30:02 | touched: src/lib.rs
2025-12-19T05:20:06 | touched: src/main.rs
2025-02-24T21:01:53 | touched: src/lib.rs
2025-05-10T23:27:04 | touched: README.md
2025-07-15T17:30:52 | touched: LICENSE
2025-11-20T03:06:42 | touched: LICENSE
2025-09-24T11:44:13 | touched: src/main.rs
2025-05-29T23:13:45 | touched: src/lib.rs
2025-09-29T14:07:17 | touched: README.md
